Copyright 1986-2018 Xilinx, Inc. All Rights Reserved.
-------------------------------------------------------------------------------------------
| Tool Version : Vivado v.2018.3 (win64) Build 2405991 Thu Dec  6 23:38:27 MST 2018
| Date         : Mon Jun  1 23:46:01 2026
| Host         : DESKTOP-HPD7IAC running 64-bit major release  (build 9200)
| Command      : report_timing_summary -file impl_z7_lite_bringup_timing_summary_route.rpt
| Design       : iotpufs_terminal_board_bringup_top
| Device       : 7z010-clg400
| Speed File   : -1  PRODUCTION 1.11 2014-09-11
-------------------------------------------------------------------------------------------

Timing Summary Report

------------------------------------------------------------------------------------------------
| Timer Settings
| --------------
------------------------------------------------------------------------------------------------

  Enable Multi Corner Analysis               :  Yes
  Enable Pessimism Removal                   :  Yes
  Pessimism Removal Resolution               :  Nearest Common Node
  Enable Input Delay Default Clock           :  No
  Enable Preset / Clear Arcs                 :  No
  Disable Flight Delays                      :  No
  Ignore I/O Paths                           :  No
  Timing Early Launch at Borrowing Latches   :  false

  Corner  Analyze    Analyze    
  Name    Max Paths  Min Paths  
  ------  ---------  ---------  
  Slow    Yes        Yes        
  Fast    Yes        Yes        



check_timing report

Table of Contents
-----------------
1. checking no_clock
2. checking constant_clock
3. checking pulse_width_clock
4. checking unconstrained_internal_endpoints
5. checking no_input_delay
6. checking no_output_delay
7. checking multiple_clock
8. checking generated_clocks
9. checking loops
10. checking partial_input_delay
11. checking partial_output_delay
12. checking latch_loops

1. checking no_clock
--------------------
 There are 0 register/latch pins with no clock.


2. checking constant_clock
--------------------------
 There are 0 register/latch pins with constant_clock.


3. checking pulse_width_clock
-----------------------------
 There are 0 register/latch pins which need pulse_width check


4. checking unconstrained_internal_endpoints
--------------------------------------------
 There are 0 pins that are not constrained for maximum delay.

 There are 0 pins that are not constrained for maximum delay due to constant clock.


5. checking no_input_delay
--------------------------
 There are 0 input ports with no input delay specified.

 There is 1 input port with no input delay but user has a false path constraint. (MEDIUM)


6. checking no_output_delay
---------------------------
 There are 0 ports with no output delay specified.

 There are 5 ports with no output delay but user has a false path constraint (MEDIUM)

 There are 0 ports with no output delay but with a timing clock defined on it or propagating through it


7. checking multiple_clock
--------------------------
 There are 0 register/latch pins with multiple clocks.


8. checking generated_clocks
----------------------------
 There are 0 generated clocks that are not connected to a clock source.


9. checking loops
-----------------
 There are 0 combinational loops in the design.


10. checking partial_input_delay
--------------------------------
 There are 0 input ports with partial input delay specified.


11. checking partial_output_delay
---------------------------------
 There are 0 ports with partial output delay specified.


12. checking latch_loops
------------------------
 There are 0 combinational latch loops in the design through latch input



------------------------------------------------------------------------------------------------
| Design Timing Summary
| ---------------------
------------------------------------------------------------------------------------------------

    WNS(ns)      TNS(ns)  TNS Failing Endpoints  TNS Total Endpoints      WHS(ns)      THS(ns)  THS Failing Endpoints  THS Total Endpoints     WPWS(ns)     TPWS(ns)  TPWS Failing Endpoints  TPWS Total Endpoints  
    -------      -------  ---------------------  -------------------      -------      -------  ---------------------  -------------------     --------     --------  ----------------------  --------------------  
     10.083        0.000                      0                 2898        0.022        0.000                      0                 2898        9.500        0.000                       0                  2005  


All user specified timing constraints are met.


------------------------------------------------------------------------------------------------
| Clock Summary
| -------------
------------------------------------------------------------------------------------------------

Clock    Waveform(ns)       Period(ns)      Frequency(MHz)
-----    ------------       ----------      --------------
sys_clk  {0.000 10.000}     20.000          50.000          


------------------------------------------------------------------------------------------------
| Intra Clock Table
| -----------------
------------------------------------------------------------------------------------------------

Clock             WNS(ns)      TNS(ns)  TNS Failing Endpoints  TNS Total Endpoints      WHS(ns)      THS(ns)  THS Failing Endpoints  THS Total Endpoints     WPWS(ns)     TPWS(ns)  TPWS Failing Endpoints  TPWS Total Endpoints  
-----             -------      -------  ---------------------  -------------------      -------      -------  ---------------------  -------------------     --------     --------  ----------------------  --------------------  
sys_clk            10.083        0.000                      0                 2898        0.022        0.000                      0                 2898        9.500        0.000                       0                  2005  


------------------------------------------------------------------------------------------------
| Inter Clock Table
| -----------------
------------------------------------------------------------------------------------------------

From Clock    To Clock          WNS(ns)      TNS(ns)  TNS Failing Endpoints  TNS Total Endpoints      WHS(ns)      THS(ns)  THS Failing Endpoints  THS Total Endpoints  
----------    --------          -------      -------  ---------------------  -------------------      -------      -------  ---------------------  -------------------  


------------------------------------------------------------------------------------------------
| Other Path Groups Table
| -----------------------
------------------------------------------------------------------------------------------------

Path Group    From Clock    To Clock          WNS(ns)      TNS(ns)  TNS Failing Endpoints  TNS Total Endpoints      WHS(ns)      THS(ns)  THS Failing Endpoints  THS Total Endpoints  
----------    ----------    --------          -------      -------  ---------------------  -------------------      -------      -------  ---------------------  -------------------  


------------------------------------------------------------------------------------------------
| Timing Details
| --------------
------------------------------------------------------------------------------------------------


---------------------------------------------------------------------------------------------------
From Clock:  sys_clk
  To Clock:  sys_clk

Setup :            0  Failing Endpoints,  Worst Slack       10.083ns,  Total Violation        0.000ns
Hold  :            0  Failing Endpoints,  Worst Slack        0.022ns,  Total Violation        0.000ns
PW    :            0  Failing Endpoints,  Worst Slack        9.500ns,  Total Violation        0.000ns
---------------------------------------------------------------------------------------------------


Max Delay Paths
--------------------------------------------------------------------------------------
Slack (MET) :             10.083ns  (required time - arrival time)
  Source:                 u_iotpufs_terminal_top/u_spongent_core_stub/phase_q_reg[0]/C
                            (rising edge-triggered cell FDCE clocked by sys_clk  {rise@0.000ns fall@10.000ns period=20.000ns})
  Destination:            u_iotpufs_terminal_top/u_spongent_core_stub/digest_q_reg[61]/CE
                            (rising edge-triggered cell FDCE clocked by sys_clk  {rise@0.000ns fall@10.000ns period=20.000ns})
  Path Group:             sys_clk
  Path Type:              Setup (Max at Slow Process Corner)
  Requirement:            20.000ns  (sys_clk rise@20.000ns - sys_clk rise@0.000ns)
  Data Path Delay:        9.554ns  (logic 1.681ns (17.594%)  route 7.873ns (82.406%))
  Logic Levels:           8  (LUT3=1 LUT5=3 LUT6=4)
  Clock Path Skew:        -0.159ns (DCD - SCD + CPR)
    Destination Clock Delay (DCD):    4.890ns = ( 24.890 - 20.000 ) 
    Source Clock Delay      (SCD):    5.339ns
    Clock Pessimism Removal (CPR):    0.291ns
  Clock Uncertainty:      0.035ns  ((TSJ^2 + TIJ^2)^1/2 + DJ) / 2 + PE
    Total System Jitter     (TSJ):    0.071ns
    Total Input Jitter      (TIJ):    0.000ns
    Discrete Jitter          (DJ):    0.000ns
    Phase Error              (PE):    0.000ns

    Location             Delay type                Incr(ns)  Path(ns)    Netlist Resource(s)
  -------------------------------------------------------------------    -------------------
                         (clock sys_clk rise edge)    0.000     0.000 r  
    N18                                               0.000     0.000 r  clk_i (IN)
                         net (fo=0)                   0.000     0.000    clk_i
    N18                  IBUF (Prop_ibuf_I_O)         1.492     1.492 r  clk_i_IBUF_inst/O
                         net (fo=1, routed)           2.076     3.568    clk_i_IBUF
    BUFGCTRL_X0Y0        BUFG (Prop_bufg_I_O)         0.101     3.669 r  clk_i_IBUF_BUFG_inst/O
                         net (fo=2004, routed)        1.670     5.339    u_iotpufs_terminal_top/u_spongent_core_stub/clk_i_IBUF_BUFG
    SLICE_X27Y11         FDCE                                         r  u_iotpufs_terminal_top/u_spongent_core_stub/phase_q_reg[0]/C
  -------------------------------------------------------------------    -------------------
    SLICE_X27Y11         FDCE (Prop_fdce_C_Q)         0.456     5.795 r  u_iotpufs_terminal_top/u_spongent_core_stub/phase_q_reg[0]/Q
                         net (fo=40, routed)          2.065     7.860    u_iotpufs_terminal_top/u_spongent_core_stub/phase_q[0]
    SLICE_X27Y15         LUT3 (Prop_lut3_I0_O)        0.154     8.014 r  u_iotpufs_terminal_top/u_spongent_core_stub/seg_step_q[4]_i_44/O
                         net (fo=1, routed)           0.501     8.515    u_iotpufs_terminal_top/u_spongent_core_stub/seg_step_q[4]_i_44_n_0
    SLICE_X26Y15         LUT6 (Prop_lut6_I4_O)        0.327     8.842 f  u_iotpufs_terminal_top/u_spongent_core_stub/seg_step_q[4]_i_31/O
                         net (fo=1, routed)           0.290     9.132    u_iotpufs_terminal_top/u_spongent_core_stub/seg_step_q[4]_i_31_n_0
    SLICE_X27Y14         LUT6 (Prop_lut6_I0_O)        0.124     9.256 f  u_iotpufs_terminal_top/u_spongent_core_stub/seg_step_q[4]_i_14/O
                         net (fo=26, routed)          1.075    10.331    u_iotpufs_terminal_top/u_spongent_core_stub/seg_step_q[4]_i_14_n_0
    SLICE_X27Y16         LUT5 (Prop_lut5_I1_O)        0.124    10.455 r  u_iotpufs_terminal_top/u_spongent_core_stub/seg_step_q[4]_i_36/O
                         net (fo=10, routed)          0.845    11.300    u_iotpufs_terminal_top/u_spongent_core_stub/seg_step_q[4]_i_36_n_0
    SLICE_X28Y15         LUT5 (Prop_lut5_I3_O)        0.124    11.424 r  u_iotpufs_terminal_top/u_spongent_core_stub/seg_step_q[4]_i_33/O
                         net (fo=1, routed)           0.670    12.094    u_iotpufs_terminal_top/u_spongent_core_stub/seg_step_q[4]_i_33_n_0
    SLICE_X28Y15         LUT6 (Prop_lut6_I3_O)        0.124    12.218 r  u_iotpufs_terminal_top/u_spongent_core_stub/seg_step_q[4]_i_15/O
                         net (fo=3, routed)           0.589    12.808    u_iotpufs_terminal_top/u_spongent_core_stub/seg_step_q[4]_i_15_n_0
    SLICE_X29Y13         LUT5 (Prop_lut5_I3_O)        0.124    12.932 r  u_iotpufs_terminal_top/u_spongent_core_stub/digest_idx_q[3]_i_3/O
                         net (fo=9, routed)           0.352    13.284    u_iotpufs_terminal_top/u_spongent_core_stub/digest_idx_q[3]_i_3_n_0
    SLICE_X27Y12         LUT6 (Prop_lut6_I5_O)        0.124    13.408 r  u_iotpufs_terminal_top/u_spongent_core_stub/digest_q[119]_i_1/O
                         net (fo=120, routed)         1.486    14.894    u_iotpufs_terminal_top/u_spongent_core_stub/digest_q[119]_i_1_n_0
    SLICE_X12Y18         FDCE                                         r  u_iotpufs_terminal_top/u_spongent_core_stub/digest_q_reg[61]/CE
  -------------------------------------------------------------------    -------------------

                         (clock sys_clk rise edge)   20.000    20.000 r  
    N18                                               0.000    20.000 r  clk_i (IN)
                         net (fo=0)                   0.000    20.000    clk_i
    N18                  IBUF (Prop_ibuf_I_O)         1.421    21.421 r  clk_i_IBUF_inst/O
                         net (fo=1, routed)           1.880    23.301    clk_i_IBUF
    BUFGCTRL_X0Y0        BUFG (Prop_bufg_I_O)         0.091    23.392 r  clk_i_IBUF_BUFG_inst/O
                         net (fo=2004, routed)        1.497    24.890    u_iotpufs_terminal_top/u_spongent_core_stub/clk_i_IBUF_BUFG
    SLICE_X12Y18         FDCE                                         r  u_iotpufs_terminal_top/u_spongent_core_stub/digest_q_reg[61]/C
                         clock pessimism              0.291    25.180    
                         clock uncertainty           -0.035    25.145    
    SLICE_X12Y18         FDCE (Setup_fdce_C_CE)      -0.169    24.976    u_iotpufs_terminal_top/u_spongent_core_stub/digest_q_reg[61]
  -------------------------------------------------------------------
                         required time                         24.976    
                         arrival time                         -14.894    
  -------------------------------------------------------------------
                         slack                                 10.083    





Min Delay Paths
--------------------------------------------------------------------------------------
Slack (MET) :             0.022ns  (arrival time - required time)
  Source:                 start_i
                            (input port clocked by sys_clk  {rise@0.000ns fall@10.000ns period=20.000ns})
  Destination:            u_iotpufs_terminal_top/u_protocol_fsm_stub/FSM_onehot_state_q_reg[0]/CE
                            (rising edge-triggered cell FDPE clocked by sys_clk  {rise@0.000ns fall@10.000ns period=20.000ns})
  Path Group:             sys_clk
  Path Type:              Hold (Min at Slow Process Corner)
  Requirement:            0.000ns  (sys_clk rise@0.000ns - sys_clk rise@0.000ns)
  Data Path Delay:        3.400ns  (logic 1.583ns (46.562%)  route 1.817ns (53.438%))
  Logic Levels:           3  (IBUF=1 LUT5=1 LUT6=1)
  Input Delay:            2.000ns
  Clock Path Skew:        5.342ns (DCD - SCD - CPR)
    Destination Clock Delay (DCD):    5.342ns
    Source Clock Delay      (SCD):    0.000ns
    Clock Pessimism Removal (CPR):    -0.000ns
  Clock Uncertainty:      0.035ns  ((TSJ^2 + TIJ^2)^1/2 + DJ) / 2 + PE
    Total System Jitter     (TSJ):    0.071ns
    Total Input Jitter      (TIJ):    0.000ns
    Discrete Jitter          (DJ):    0.000ns
    Phase Error              (PE):    0.000ns

    Location             Delay type                Incr(ns)  Path(ns)    Netlist Resource(s)
  -------------------------------------------------------------------    -------------------
                         (clock sys_clk rise edge)    0.000     0.000 r  
                         input delay                  2.000     2.000    
    P16                                               0.000     2.000 r  start_i (IN)
                         net (fo=0)                   0.000     2.000    start_i
    P16                  IBUF (Prop_ibuf_I_O)         1.383     3.383 r  start_i_IBUF_inst/O
                         net (fo=1, routed)           1.375     4.758    u_iotpufs_terminal_top/u_protocol_fsm_stub/start_i_IBUF
    SLICE_X29Y7          LUT6 (Prop_lut6_I4_O)        0.100     4.858 r  u_iotpufs_terminal_top/u_protocol_fsm_stub/FSM_onehot_state_q[5]_i_3/O
                         net (fo=1, routed)           0.125     4.983    u_iotpufs_terminal_top/u_protocol_fsm_stub/FSM_onehot_state_q[5]_i_3_n_0
    SLICE_X29Y7          LUT5 (Prop_lut5_I4_O)        0.100     5.083 r  u_iotpufs_terminal_top/u_protocol_fsm_stub/FSM_onehot_state_q[5]_i_1/O
                         net (fo=6, routed)           0.317     5.400    u_iotpufs_terminal_top/u_protocol_fsm_stub/FSM_onehot_state_q[5]_i_1_n_0
    SLICE_X28Y7          FDPE                                         r  u_iotpufs_terminal_top/u_protocol_fsm_stub/FSM_onehot_state_q_reg[0]/CE
  -------------------------------------------------------------------    -------------------

                         (clock sys_clk rise edge)    0.000     0.000 r  
    N18                                               0.000     0.000 r  clk_i (IN)
                         net (fo=0)                   0.000     0.000    clk_i
    N18                  IBUF (Prop_ibuf_I_O)         1.492     1.492 r  clk_i_IBUF_inst/O
                         net (fo=1, routed)           2.076     3.568    clk_i_IBUF
    BUFGCTRL_X0Y0        BUFG (Prop_bufg_I_O)         0.101     3.669 r  clk_i_IBUF_BUFG_inst/O
                         net (fo=2004, routed)        1.673     5.342    u_iotpufs_terminal_top/u_protocol_fsm_stub/clk_i_IBUF_BUFG
    SLICE_X28Y7          FDPE                                         r  u_iotpufs_terminal_top/u_protocol_fsm_stub/FSM_onehot_state_q_reg[0]/C
                         clock pessimism              0.000     5.342    
                         clock uncertainty            0.035     5.377    
    SLICE_X28Y7          FDPE (Hold_fdpe_C_CE)        0.001     5.378    u_iotpufs_terminal_top/u_protocol_fsm_stub/FSM_onehot_state_q_reg[0]
  -------------------------------------------------------------------
                         required time                         -5.378    
                         arrival time                           5.400    
  -------------------------------------------------------------------
                         slack                                  0.022    





Pulse Width Checks
--------------------------------------------------------------------------------------
Clock Name:         sys_clk
Waveform(ns):       { 0.000 10.000 }
Period(ns):         20.000
Sources:            { clk_i }

Check Type        Corner  Lib Pin  Reference Pin  Required(ns)  Actual(ns)  Slack(ns)  Location       Pin
Min Period        n/a     BUFG/I   n/a            2.155         20.000      17.845     BUFGCTRL_X0Y0  clk_i_IBUF_BUFG_inst/I
Low Pulse Width   Slow    FDPE/C   n/a            0.500         10.000      9.500      SLICE_X15Y20   checksum_q_reg[100]/C
High Pulse Width  Slow    FDCE/C   n/a            0.500         10.000      9.500      SLICE_X27Y6    auth_done_o_reg/C



